<?xml version="1.0" encoding="UTF-8"?>
<testsuite name="com.udacity.gradle.jokes.test.JokerTest" tests="1" skipped="0" failures="0" errors="0" timestamp="2017-02-26T08:56:22" hostname="HP-PC" time="0.003">
  <properties/>
  <testcase name="test" classname="com.udacity.gradle.jokes.test.JokerTest" time="0.003"/>
  <system-out><![CDATA[]]></system-out>
  <system-err><![CDATA[]]></system-err>
</testsuite>
